生成启动时间为 2018/5/7 20:22:57。
     1>项目“E:\116\新建文件夹\CUAVSimDemo\CUAVSimDemo\CUAVSimDemo.vcxproj”在节点 2 上(Build 个目标)。
     1>ClCompile:
         C:\Program Files (x86)\Microsoft Visual Studio 12.0\VC\bin\CL.exe /c /ZI /nologo /W3 /WX- /sdl /Od /Oy- /D WIN32 /D _WINDOWS /D _DEBUG /D _UNICODE /D UNICODE /D _AFXDLL /Gm /EHsc /RTC1 /MDd /GS /fp:precise /Zc:wchar_t /Zc:forScope /Yu"stdafx.h" /Fp"Debug\CUAVSimDemo.pch" /Fo"Debug\\" /Fd"Debug\vc120.pdb" /Gd /TP /analyze- /errorReport:prompt CUAVSimDemoDlg.cpp UDPSetting.cpp
         UDPSetting.cpp
         正在生成代码...
         正在跳过...(未检测到相关更改)
         CUAVSimDemoDlg.cpp
       Link:
         C:\Program Files (x86)\Microsoft Visual Studio 12.0\VC\bin\link.exe /ERRORREPORT:PROMPT /OUT:"E:\116\新建文件夹\CUAVSimDemo\Debug\CUAVSimDemo.exe" /INCREMENTAL /NOLOGO /MANIFEST /MANIFESTUAC:"level='asInvoker' uiAccess='false'" /manifest:embed /manifestinput:"C:\Program Files (x86)\Microsoft Visual Studio 12.0\VC\Include\Manifest\dpiaware.manifest" /DEBUG /PDB:"E:\116\新建文件夹\CUAVSimDemo\Debug\CUAVSimDemo.pdb" /SUBSYSTEM:WINDOWS /TLBID:1 /ENTRY:"wWinMainCRTStartup" /DYNAMICBASE /NXCOMPAT /IMPLIB:"E:\116\新建文件夹\CUAVSimDemo\Debug\CUAVSimDemo.lib" /MACHINE:X86 Debug\CUAVSimDemo.res
         Debug\CUAVSimDemo.obj
         Debug\CUAVSimDemoDlg.obj
         Debug\DataList.obj
         Debug\FileDataInput.obj
         Debug\ImageStatic.obj
         Debug\PathSimiDlg.obj
         Debug\SpeedDlg.obj
         Debug\stdafx.obj
         Debug\UDPSetting.obj
         CUAVSimDemo.vcxproj -> E:\116\新建文件夹\CUAVSimDemo\Debug\CUAVSimDemo.exe
     1>已完成生成项目“E:\116\新建文件夹\CUAVSimDemo\CUAVSimDemo\CUAVSimDemo.vcxproj”(Build 个目标)的操作。

生成成功。

已用时间 00:00:00.45
